0 info it worked if it ends with ok
1 verbose cli [ 'node', '/usr/bin/npm', 'version', 'patch' ]
2 info using npm@1.1.71
3 info using node@v0.8.22
4 verbose node symlink /usr/bin/node
5 silly exec git "status" "--porcelain"
6 silly git,status,--porcelain, spawning
7 error Error: Git working directory not clean.
7 error M examples/crm-api/package.json
7 error     at /usr/lib/node_modules/npm/lib/version.js:82:33
7 error     at ChildProcess.<anonymous> (/usr/lib/node_modules/npm/lib/utils/exec.js:61:5)
7 error     at ChildProcess.EventEmitter.emit (events.js:99:17)
7 error     at Process._handle.onexit (child_process.js:678:10)
8 error If you need help, you may report this log at:
8 error     <http://github.com/isaacs/npm/issues>
8 error or email it to:
8 error     <npm-@googlegroups.com>
9 error System Linux 2.6.38-16-generic
10 error command "node" "/usr/bin/npm" "version" "patch"
11 error cwd /home/tombenke/topics/restapi
12 error node -v v0.8.22
13 error npm -v 1.1.71
14 verbose exit [ 1, true ]
